<?xml version="1.0" encoding="UTF-8"?>
<testng-results skipped="0" failed="0" ignored="0" total="5" passed="5">
  <reporter-output>
  </reporter-output>
  <suite name="Default suite" duration-ms="49542" started-at="2018-03-20T10:03:53Z" finished-at="2018-03-20T10:04:43Z">
    <groups>
    </groups>
    <test name="Default test" duration-ms="49542" started-at="2018-03-20T10:03:53Z" finished-at="2018-03-20T10:04:43Z">
      <class name="Test.LoginTest1">
        <test-method status="PASS" signature="setBrowserConfig()[pri:0, instance:Test.LoginTest1@2a556333]" name="setBrowserConfig" is-config="true" duration-ms="7898" started-at="2018-03-20T10:03:53Z" finished-at="2018-03-20T10:04:01Z">
          <reporter-output>
          </reporter-output>
        </test-method> <!-- setBrowserConfig -->
        <test-method status="PASS" signature="accessUrl()[pri:1, instance:Test.LoginTest1@2a556333]" name="accessUrl" duration-ms="25391" started-at="2018-03-20T10:04:01Z" finished-at="2018-03-20T10:04:26Z">
          <reporter-output>
          </reporter-output>
        </test-method> <!-- accessUrl -->
        <test-method status="PASS" signature="performLogin(java.lang.String, java.lang.String)[pri:2, instance:Test.LoginTest1@2a556333]" name="performLogin" duration-ms="6739" started-at="2018-03-20T10:04:26Z" data-provider="LoginData" finished-at="2018-03-20T10:04:33Z">
          <params>
            <param index="0">
              <value>
                <![CDATA[mngr122239]]>
              </value>
            </param>
            <param index="1">
              <value>
                <![CDATA[pAdugaz]]>
              </value>
            </param>
          </params>
          <reporter-output>
          </reporter-output>
        </test-method> <!-- performLogin -->
        <test-method status="PASS" signature="performLogin(java.lang.String, java.lang.String)[pri:2, instance:Test.LoginTest1@2a556333]" name="performLogin" duration-ms="3966" started-at="2018-03-20T10:04:33Z" data-provider="LoginData" finished-at="2018-03-20T10:04:37Z">
          <params>
            <param index="0">
              <value>
                <![CDATA[abcd]]>
              </value>
            </param>
            <param index="1">
              <value>
                <![CDATA[pAdugaz]]>
              </value>
            </param>
          </params>
          <reporter-output>
          </reporter-output>
        </test-method> <!-- performLogin -->
        <test-method status="PASS" signature="performLogin(java.lang.String, java.lang.String)[pri:2, instance:Test.LoginTest1@2a556333]" name="performLogin" duration-ms="2347" started-at="2018-03-20T10:04:37Z" data-provider="LoginData" finished-at="2018-03-20T10:04:39Z">
          <params>
            <param index="0">
              <value>
                <![CDATA[mngr122239]]>
              </value>
            </param>
            <param index="1">
              <value>
                <![CDATA[xyz]]>
              </value>
            </param>
          </params>
          <reporter-output>
          </reporter-output>
        </test-method> <!-- performLogin -->
        <test-method status="PASS" signature="performLogin(java.lang.String, java.lang.String)[pri:2, instance:Test.LoginTest1@2a556333]" name="performLogin" duration-ms="2898" started-at="2018-03-20T10:04:39Z" data-provider="LoginData" finished-at="2018-03-20T10:04:42Z">
          <params>
            <param index="0">
              <value>
                <![CDATA[dsds]]>
              </value>
            </param>
            <param index="1">
              <value>
                <![CDATA[xssfyz]]>
              </value>
            </param>
          </params>
          <reporter-output>
          </reporter-output>
        </test-method> <!-- performLogin -->
        <test-method status="PASS" signature="closeBrowser()[pri:0, instance:Test.LoginTest1@2a556333]" name="closeBrowser" is-config="true" duration-ms="246" started-at="2018-03-20T10:04:42Z" finished-at="2018-03-20T10:04:43Z">
          <reporter-output>
          </reporter-output>
        </test-method> <!-- closeBrowser -->
      </class> <!-- Test.LoginTest1 -->
    </test> <!-- Default test -->
  </suite> <!-- Default suite -->
</testng-results>
