<?xml version="1.0" encoding="UTF-8"?>
<!-- Generated by org.testng.reporters.JUnitXMLReporter -->
<testsuite hostname="DESKTOP-DKR18H5" ignored="0" name="Default test" tests="5" failures="0" timestamp="20 Mar 2018 10:04:44 GMT" time="49.542" errors="0">
  <testcase name="accessUrl" time="25.391" classname="Test.LoginTest1"/>
  <testcase name="performLogin" time="6.739" classname="Test.LoginTest1"/>
  <testcase name="performLogin" time="3.966" classname="Test.LoginTest1"/>
  <testcase name="performLogin" time="2.347" classname="Test.LoginTest1"/>
  <testcase name="performLogin" time="2.898" classname="Test.LoginTest1"/>
</testsuite> <!-- Default test -->
